[INFO] Route functions are ready. 
[INFO] Initializing the simulator
[INFO] Running simulation with reward theta: 0.0
[INFO] Running simulation with reward type: REJ
[INFO] Running simulation with node layers: 2
[INFO] Running simulation with moving average window: 20
[INFO] Loading ManhattanData...
[INFO] Requests Initialization finished
[INFO] Vehicles Initialization finished
[INFO] Heuristic method is enabled.
[INFO] Platform is ready. 
Using license file /usr/local/gurobi/9.1.2/gurobi.lic
[INFO] Running simulation with reward theta: 0.0
[INFO] Running simulation with reward type: REJ
[INFO] Running simulation with node layers: 2
[INFO] Running simulation with moving average window: 20
[INFO] Loading ManhattanData...
[INFO] Requests Initialization finished
[INFO] Vehicles Initialization finished
[INFO] Heuristic method is enabled.
[INFO] Platform is ready. 
Using license file /usr/local/gurobi/9.1.2/gurobi.lic
[INFO] Running simulation with reward theta: 1.0
[INFO] Running simulation with reward type: REJ
[INFO] Running simulation with node layers: 2
[INFO] Running simulation with moving average window: 20
[INFO] Loading ManhattanData...
[INFO] Requests Initialization finished
[INFO] Vehicles Initialization finished
[INFO] Heuristic method is enabled.
[INFO] Platform is ready. 
Using license file /usr/local/gurobi/9.1.2/gurobi.lic
[INFO] Running simulation with reward theta: 0.5
[INFO] Running simulation with reward type: REJ
[INFO] Running simulation with node layers: 2
[INFO] Running simulation with moving average window: 20
[INFO] Loading ManhattanData...
[INFO] Requests Initialization finished
[INFO] Vehicles Initialization finished
[INFO] Heuristic method is enabled.
[INFO] Platform is ready. 
Using license file /usr/local/gurobi/9.1.2/gurobi.lic
[INFO] Running simulation with reward theta: 0.0
[INFO] Running simulation with reward type: REJ
[INFO] Running simulation with node layers: 2
[INFO] Running simulation with moving average window: 20
[INFO] Loading ManhattanData...
[INFO] Requests Initialization finished
[INFO] Vehicles Initialization finished
[INFO] Heuristic method is enabled.
[INFO] Platform is ready. 
Using license file /usr/local/gurobi/9.1.2/gurobi.lic
Set parameter TokenServer to value gurobi.lic.sydney.edu.au
Set parameter TokenServer to value gurobi.lic.sydney.edu.au
Set parameter TokenServer to value gurobi.lic.sydney.edu.au
[INFO] Running simulation with reward theta: 0.5
[INFO] Running simulation with reward type: REJ
[INFO] Running simulation with node layers: 2
[INFO] Running simulation with moving average window: 20
[INFO] Loading ManhattanData...
[INFO] Requests Initialization finished
[INFO] Vehicles Initialization finished
[INFO] Heuristic method is enabled.
[INFO] Platform is ready. 
Using license file /usr/local/gurobi/9.1.2/gurobi.lic
[INFO] Running simulation with reward theta: 0.5
[INFO] Running simulation with reward type: REJ
[INFO] Running simulation with node layers: 2
[INFO] Running simulation with moving average window: 20
[INFO] Loading ManhattanData...
[INFO] Requests Initialization finished
[INFO] Vehicles Initialization finished
[INFO] Heuristic method is enabled.
[INFO] Platform is ready. 
Using license file /usr/local/gurobi/9.1.2/gurobi.lic
Set parameter TokenServer to value gurobi.lic.sydney.edu.au
[INFO] Running simulation with reward theta: 0.5
[INFO] Running simulation with reward type: REJ
[INFO] Running simulation with node layers: 2
[INFO] Running simulation with moving average window: 20
[INFO] Loading ManhattanData...
[INFO] Requests Initialization finished
[INFO] Vehicles Initialization finished
[INFO] Heuristic method is enabled.
[INFO] Platform is ready. 
Using license file /usr/local/gurobi/9.1.2/gurobi.lic
Set parameter TokenServer to value gurobi.lic.sydney.edu.au
Set parameter TokenServer to value gurobi.lic.sydney.edu.au
Set parameter TokenServer to value gurobi.lic.sydney.edu.au
[INFO] Running simulation with reward theta: 1.0
[INFO] Running simulation with reward type: REJ
[INFO] Running simulation with node layers: 2
[INFO] Running simulation with moving average window: 20
[INFO] Loading ManhattanData...
[INFO] Requests Initialization finished
[INFO] Vehicles Initialization finished
[INFO] Heuristic method is enabled.
[INFO] Platform is ready. 
Using license file /usr/local/gurobi/9.1.2/gurobi.lic
Set parameter TokenServer to value gurobi.lic.sydney.edu.au
[INFO] Running simulation with reward theta: 0.5
[INFO] Running simulation with reward type: REJ
[INFO] Running simulation with node layers: 2
[INFO] Running simulation with moving average window: 20
[INFO] Loading ManhattanData...
[INFO] Requests Initialization finished
[INFO] Vehicles Initialization finished
[INFO] Heuristic method is enabled.
[INFO] Platform is ready. 
Using license file /usr/local/gurobi/9.1.2/gurobi.lic
[INFO] Running simulation with reward theta: 0.5
[INFO] Running simulation with reward type: REJ
[INFO] Running simulation with node layers: 2
[INFO] Running simulation with moving average window: 20
[INFO] Loading ManhattanData...
[INFO] Requests Initialization finished
[INFO] Vehicles Initialization finished
[INFO] Heuristic method is enabled.
[INFO] Platform is ready. 
Using license file /usr/local/gurobi/9.1.2/gurobi.lic
Set parameter TokenServer to value gurobi.lic.sydney.edu.au
Set parameter TokenServer to value gurobi.lic.sydney.edu.au
Set parameter TokenServer to value gurobi.lic.sydney.edu.au
[INFO] Running simulation with reward theta: 0.5
[INFO] Running simulation with reward type: REJ
[INFO] Running simulation with node layers: 2
[INFO] Running simulation with moving average window: 20
[INFO] Loading ManhattanData...
[INFO] Requests Initialization finished
[INFO] Vehicles Initialization finished
[INFO] Heuristic method is enabled.
[INFO] Platform is ready. 
Using license file /usr/local/gurobi/9.1.2/gurobi.lic
[INFO] Running simulation with reward theta: 0.5
[INFO] Running simulation with reward type: REJ
[INFO] Running simulation with node layers: 2
[INFO] Running simulation with moving average window: 20
[INFO] Loading ManhattanData...
[INFO] Requests Initialization finished
[INFO] Vehicles Initialization finished
[INFO] Heuristic method is enabled.
[INFO] Platform is ready. 
Using license file /usr/local/gurobi/9.1.2/gurobi.lic
[INFO] Running simulation with reward theta: 0.0
[INFO] Running simulation with reward type: REJ
[INFO] Running simulation with node layers: 2
[INFO] Running simulation with moving average window: 20
[INFO] Loading ManhattanData...
[INFO] Requests Initialization finished
[INFO] Vehicles Initialization finished
[INFO] Heuristic method is enabled.
[INFO] Platform is ready. 
Using license file /usr/local/gurobi/9.1.2/gurobi.lic
[INFO] Running simulation with reward theta: 0.0
[INFO] Running simulation with reward type: REJ
[INFO] Running simulation with node layers: 2
[INFO] Running simulation with moving average window: 20
[INFO] Loading ManhattanData...
[INFO] Requests Initialization finished
[INFO] Vehicles Initialization finished
[INFO] Heuristic method is enabled.
[INFO] Platform is ready. 
Using license file /usr/local/gurobi/9.1.2/gurobi.lic
Set parameter TokenServer to value gurobi.lic.sydney.edu.au
Set parameter TokenServer to value gurobi.lic.sydney.edu.au
Set parameter TokenServer to value gurobi.lic.sydney.edu.au
Set parameter TokenServer to value gurobi.lic.sydney.edu.au
[INFO] Running simulation with reward theta: 0.5
[INFO] Running simulation with reward type: REJ
[INFO] Running simulation with node layers: 2
[INFO] Running simulation with moving average window: 20
[INFO] Loading ManhattanData...
[INFO] Requests Initialization finished
[INFO] Vehicles Initialization finished
[INFO] Heuristic method is enabled.
[INFO] Platform is ready. 
Using license file /usr/local/gurobi/9.1.2/gurobi.lic
Set parameter TokenServer to value gurobi.lic.sydney.edu.au
[INFO] Running simulation with reward theta: 0.0
[INFO] Running simulation with reward type: REJ
[INFO] Running simulation with node layers: 2
[INFO] Running simulation with moving average window: 20
[INFO] Loading ManhattanData...
[INFO] Requests Initialization finished
[INFO] Vehicles Initialization finished
[INFO] Heuristic method is enabled.
[INFO] Platform is ready. 
Using license file /usr/local/gurobi/9.1.2/gurobi.lic
[INFO] Running simulation with reward theta: 0.0
[INFO] Running simulation with reward type: REJ
[INFO] Running simulation with node layers: 2
[INFO] Running simulation with moving average window: 20
[INFO] Loading ManhattanData...
[INFO] Requests Initialization finished
[INFO] Vehicles Initialization finished
[INFO] Heuristic method is enabled.
[INFO] Platform is ready. 
Using license file /usr/local/gurobi/9.1.2/gurobi.lic
Set parameter TokenServer to value gurobi.lic.sydney.edu.au
Set parameter TokenServer to value gurobi.lic.sydney.edu.au
[INFO] Running simulation with reward theta: 0.0
[INFO] Running simulation with reward type: REJ
[INFO] Running simulation with node layers: 2
[INFO] Running simulation with moving average window: 20
[INFO] Loading ManhattanData...
[INFO] Requests Initialization finished
[INFO] Vehicles Initialization finished
[INFO] Heuristic method is enabled.
[INFO] Platform is ready. 
Using license file /usr/local/gurobi/9.1.2/gurobi.lic
Set parameter TokenServer to value gurobi.lic.sydney.edu.au
[INFO] Running simulation with reward theta: 0.5
[INFO] Running simulation with reward type: REJ
[INFO] Running simulation with node layers: 2
[INFO] Running simulation with moving average window: 20
[INFO] Loading ManhattanData...
[INFO] Requests Initialization finished
[INFO] Vehicles Initialization finished
[INFO] Heuristic method is enabled.
[INFO] Platform is ready. 
Using license file /usr/local/gurobi/9.1.2/gurobi.lic
Set parameter TokenServer to value gurobi.lic.sydney.edu.au
[INFO] Running simulation with reward theta: 0.0
[INFO] Running simulation with reward type: REJ
[INFO] Running simulation with node layers: 2
[INFO] Running simulation with moving average window: 20
[INFO] Loading ManhattanData...
[INFO] Requests Initialization finished
[INFO] Vehicles Initialization finished
[INFO] Heuristic method is enabled.
[INFO] Platform is ready. 
Using license file /usr/local/gurobi/9.1.2/gurobi.lic
Set parameter TokenServer to value gurobi.lic.sydney.edu.au
[INFO] Running simulation with reward theta: 0.0
[INFO] Running simulation with reward type: REJ
[INFO] Running simulation with node layers: 2
[INFO] Running simulation with moving average window: 20
[INFO] Loading ManhattanData...
[INFO] Requests Initialization finished
[INFO] Vehicles Initialization finished
[INFO] Heuristic method is enabled.
[INFO] Platform is ready. 
Using license file /usr/local/gurobi/9.1.2/gurobi.lic
Set parameter TokenServer to value gurobi.lic.sydney.edu.au
[INFO] Running simulation with reward theta: 1.0
[INFO] Running simulation with reward type: REJ
[INFO] Running simulation with node layers: 2
[INFO] Running simulation with moving average window: 20
[INFO] Loading ManhattanData...
[INFO] Requests Initialization finished
[INFO] Vehicles Initialization finished
[INFO] Heuristic method is enabled.
[INFO] Platform is ready. 
Using license file /usr/local/gurobi/9.1.2/gurobi.lic
Set parameter TokenServer to value gurobi.lic.sydney.edu.au
[INFO] Running simulation with reward theta: 1.0
[INFO] Running simulation with reward type: REJ
[INFO] Running simulation with node layers: 2
[INFO] Running simulation with moving average window: 20
[INFO] Loading ManhattanData...
[INFO] Requests Initialization finished
[INFO] Vehicles Initialization finished
[INFO] Heuristic method is enabled.
[INFO] Platform is ready. 
Using license file /usr/local/gurobi/9.1.2/gurobi.lic
Set parameter TokenServer to value gurobi.lic.sydney.edu.au
Cooling down...
[INFO] Running simulation with reward theta: 2.0
[INFO] Running simulation with reward type: REJ
[INFO] Running simulation with node layers: 2
[INFO] Running simulation with moving average window: 20
[INFO] Loading ManhattanData...
[INFO] Requests Initialization finished
[INFO] Vehicles Initialization finished
[INFO] Heuristic method is enabled.
[INFO] Platform is ready. 
Cooling down...
[INFO] Running simulation with reward theta: 4.0
[INFO] Running simulation wCooling down...
[INFO] Running simulation with reward theta: 2.0
[INFO] Running simulation with reward type: REJ
[INFO] Running simulation with node layers: 2
[INFO] Running simulation with moving average window: 20
[INFO] Loading ManhattanData...
[INFO] Requests Initialization finished
[INFO] Vehicles Initialization finished
[INFO] Heuristic method is enabled.
[INFO] Platform is ready. 
Cooling down...
[INFO] Running simulation with reward theta: 4.0
[INFO] Running simulation with reward type: REJ
[INFO] Running simulation with node layers: 2
[INFO] Running simulation with moving average window: 20
[INFO] Loading ManhattanData...
[INFO] Requests Initialization finished
[INFO] Vehicles Initialization finished
[INFO] Heuristic method is enabled.
[INFO] Platform is ready. 
Cooling down...
[INFO] Running simulation with reward theta: 20.0
[INFO] Running simulation with reward type: REJ
[INFO] Running simulation with node layers: 2
[INFO] Running simulation with moving average window: 20
[INFO] Loading ManhattanData...
[INFO] Requests Initialization finished
[INFO] Vehicles Initialization finished
[INFO] Heuristic method is enabled.
[INFO] Platform is ready. 
Cooling down...
Cooling down...
[INFO] Running simulation with reward theta: 2.0
[INFO] Running simulation with reward type: REJ
[INFO] Running simulation with node layers: 2
[INFO] Running simulation with moving average window: 20
[INFO] Loading ManhattanData...
[INFO] Requests Initialization finished
[INFO] Vehicles Initialization finished
[INFO] Heuristic method is enabled.
[INFO] Platform is ready. 
Cooling down...
[INFO] Running simulation with reward theta: 4.0
[INFO] Running simulation with reward type: REJ
[INFO] Running simulation with node layers: 2
[INFO] Running simulation with moving average window: 20
[INFO] Loading ManhattanData...
[INFO] Requests Initialization finished
[INFO] Vehicles Initialization finished
[INFO] Heuristic method is enabled.
[INFO] Platform is ready. 
Cooling down...
[INFO] Running simulation with reward theta: 20.0
[INFO] Running simulation with reward type: REJ
[INFO] Running simulation with node layers: 2
[INFO] Running simulation with moving average window: 20
[INFO] Loading ManhattanData...
[INFO] Requests Initialization finished
[INFO] Vehicles Initialization finished
[INFO] Heuristic method is enabled.
[INFO] Platform is ready. 
Cooling down...
Cooling down...
[INFO] Running simulation with reward theta: 2.0
[INFO] Running simulation with reward type: REJ
[INFO] Running simulation with node layers: 2
[INFO] Running simulation with moving average window: 20
[INFO] Loading ManhattanData...
[INFO] Requests Initialization finished
[INFO] Vehicles Initialization finished
[INFO] Heuristic method is enabled.
[INFO] Platform is ready. 
Cooling down...
[INFO] Running simulation with reward theta: 4.0
[INFO] Running simulation with reward type: REJ
[INFO] Running simulation with node layers: 2
[INFO] Running simulation with moving average window: 20
[INFO] Loading ManhattanData...
[INFO] Requests Initialization finished
[INFO] Vehicles Initialization finished
[INFO] Heuristic method is enabled.
[INFO] Platform is ready. 
Cooling down...
[INFO] Running simulation with reward theta: 10.0
[INFO] Running simulation with reward type: REJ
[INFO] Running simulation with node layers: 2
[INFO] Running simulation with moving average window: 20
[INFO] Loading ManhattanData...
[INFO] Requests Initialization finished
[INFO] Vehicles Initialization finished
[INFO] Heuristic method is enabled.
[INFO] Platform is ready. 
Cooling down...
Cooling down...
[INFO] Running simulation with reward theta: 2.0
[INFO] Running simulation with reward type: REJ
[INFO] Running simulation with node layers: 2
[INFO] Running simulation with moving average window: 20
[INFO] Loading ManhattanData...
[INFO] Requests Initialization finished
[INFO] Vehicles Initialization finished
[INFO] Heuristic method is enabled.
[INFO] Platform is ready. 
Cooling down...
[INFO] Running simulation with reward theta: 5.0
[INFO] Running simulation with reward type: REJ
[INFO] Running simulatCooling down...
[INFO] Running simulation with reward theta: 2.0
[INFO] Running simulation with reward type: REJ
[INFO] Running simulation with node layers: 2
[INFO] Running simulation with moving average window: 20
[INFO] Loading ManhattanData...
[INFO] Requests Initialization finished
[INFO] Vehicles Initialization finished
[INFO] Heuristic method is enabled.
[INFO] Platform is ready. 
Cooling down...
[INFO] Running simulation with reward theta: 4.0
[INFO] Running simulation with reward type: REJ
[INFO] Running simulation with node layers: 2
[INFO] Running simulation with moving average window: 20
[INFO] Loading ManhattanData...
[INFO] Requests Initialization finished
[INFO] Vehicles Initialization finished
[INFO] Heuristic method is enabled.
[INFO] Platform is ready. 
Cooling down...
[INFO] Running simulation with reward theta: 20.0
[INFO] Running simulation with reward type: REJ
[INFO] Running simulation with node layers: 2
[INFO] Running simulation with moving average window: 20
[INFO] Loading ManhattanData...
[INFO] Requests Initialization finished
[INFO] Vehicles Initialization finished
[INFO] Heuristic method is enabled.
[INFO] Platform is ready. 
Cooling down...
Cooling down...
[INFO] Running simulation with reward theta: 2.0
[INFO] Running simulation with reward type: REJ
[INFO] Running simulation with node layers: 2
[INFO] Running simulation with moving average window: 20
[INFO] Loading ManhattanData...
[INFO] Requests Initialization finished
[INFO] Vehicles Initialization finished
[INFO] Heuristic method is enabled.
[INFO] Platform is ready. 
Cooling down...
[INFO] Running simulation with reward theta: 4.0
[INFO] Running simulation with reward type: REJ
[INFO] Running simulation with node layers: 2
[INFO] Running simulation with moving average window: 20
[INFO] Loading ManhattanData...
[INFO] Requests Initialization finished
[INFO] Vehicles Initialization finished
[INFO] Heuristic method is enabled.
[INFO] Platform is ready. 
Cooling down...
[INFO] Running simulation with reward theta: 20.0
[INFO] Running simulation with reward type: REJ
[INFO] Running simulation with node layers: 2
[INFO] Running simulation with moving average window: 20
[INFO] Loading ManhattanData...
[INFO] Requests Initialization finished
[INFO] Vehicles Initialization finished
[INFO] Heuristic method is enabled.
[INFO] Platform is ready. 
Cooling down...
Cooling down...
[INFO] Running simulation with reward theta: 1.5
[INFO] Running simulation with reward type: REJ
[INFO] Running simulation with node layers: 2
[INFO] Running simulation with moving average window: 20
[INFO] Loading ManhattanData...
[INFO] Requests Initialization finished
[INFO] Vehicles Initialization finished
[INFO] Heuristic method is enabled.
[INFO] Platform is ready. 
Cooling down...
[INFO] Running simulation with reward theta: 4.0
[INFO] Running simulation with reward type: REJ
[INFO] Running simulation with node layers: 2
[INFO] Running simulation with moving average window: 20
[INFO] Loading ManhattanData...
[INFO] Requests Initialization finished
[INFO] Vehicles Initialization finished
[INFO] Heuristic method is enabled.
[INFO] Platform is ready. 
Cooling down...
[INFO] Running simulation with reward theta: 10.0
[INFO] Running simulation with reward type: REJ
[INFO] Running simulation with node layers: 2
[INFO] Running simulation with moving average window: 20
[INFO] Loading ManhattanData...
[INFO] Requests Initialization finished
[INFO] Vehicles Initialization finished
[INFO] Heuristic method is enabled.
[INFO] Platform is ready. 
Cooling down...
Cooling down...
[INFO] Running simulation with reward theta: 2.0
[INFO] Running simulation with reward type: REJ
[INFO] Running simulation with node layers: 2
[INFO] Running simulation with moving average window: 20
[INFO] Loading ManhattanData...
[INFO] Requests Initialization finished
[INFO] Vehicles Initialization finished
[INFO] Heuristic method is enabled.
[INFO] Platform is ready. 
Cooling down...
[INFO] Running simulation with reward theta: 5.0
[INFO] Running simulation with reward type: REJ
[INFO] Running simulatCooling down...
[INFO] Running simulation with reward theta: 1.5
[INFO] Running simulation with reward type: REJ
[INFO] Running simulation with node layers: 2
[INFO] Running simulation with moving average window: 20
[INFO] Loading ManhattanData...
[INFO] Requests Initialization finished
[INFO] Vehicles Initialization finished
[INFO] Heuristic method is enabled.
[INFO] Platform is ready. 
Cooling down...
[INFO] Running simulation with reward theta: 4.0
[INFO] Running simulation with reward type: REJ
[INFO] Running simulation with node layers: 2
[INFO] Running simulation with moving average window: 20
[INFO] Loading ManhattanData...
[INFO] Requests Initialization finished
[INFO] Vehicles Initialization finished
[INFO] Heuristic method is enabled.
[INFO] Platform is ready. 
Cooling down...
[INFO] Running simulation with reward theta: 10.0
[INFO] Running simulation with reward type: REJ
[INFO] Running simulation with node layers: 2
[INFO] Running simulation with moving average window: 20
[INFO] Loading ManhattanData...
[INFO] Requests Initialization finished
[INFO] Vehicles Initialization finished
[INFO] Heuristic method is enabled.
[INFO] Platform is ready. 
Cooling down...
Cooling down...
[INFO] Running simulation with reward theta: 1.5
[INFO] Running simulation with reward type: REJ
[INFO] Running simulation with node layers: 2
[INFO] Running simulation with moving average window: 20
[INFO] Loading ManhattanData...
[INFO] Requests Initialization finished
[INFO] Vehicles Initialization finished
[INFO] Heuristic method is enabled.
[INFO] Platform is ready. 
Cooling down...
[INFO] Running simulation with reward theta: 3.0
[INFO] Running simulation with reward type: REJ
[INFO] Running simulation with node layers: 2
[INFO] Running simulation with moving average window: 20
[INFO] Loading ManhattanData...
[INFO] Requests Initialization finished
[INFO] Vehicles Initialization finished
[INFO] Heuristic method is enabled.
[INFO] Platform is ready. 
Cooling down...
[INFO] Running simulation with reward theta: 10.0
[INFO] Running simulation with reward type: REJ
[INFO] Running simulation with node layers: 2
[INFO] Running simulation with moving average window: 20
[INFO] Loading ManhattanData...
[INFO] Requests Initialization finished
[INFO] Vehicles Initialization finished
[INFO] Heuristic method is enabled.
[INFO] Platform is ready. 
Cooling down...
[INFO] Running simulation with reward theta: 30.0
[INFO] Running simulation with reward type: REJ
[INFO] Running simulation with node layers: 2
[INFO] Running simulation with moving average window: 20
[INFO] Loading ManhattanData...
[INFO] Requests Initialization finished
[INFO] Vehicles Initialization finished
[INFO] Heuristic method is enabled.
[INFO] Platform is ready. 
Cooling down...
Cooling down...
[INFO] Running simulation with reward theta: 1.5
[INFO] Running simulation with reward type: REJ
[INFO] Running simulation with node layers: 2
[INFO] Running simulation with moving average window: 20
[INFO] Loading ManhattanData...
[INFO] Requests Initialization finished
[INFO] Vehicles Initialization finished
[INFO] Heuristic method is enabled.
[INFO] Platform is ready. 
Cooling down...
[INFO] Running simulation with reward theta: 3.0
[INFO] Running simulation with reward type: REJ
[INFO] Running simulation with node layers: 2
[INFO] Running simulation with moving average window: 20
[INFO] Loading ManhattanData...
[INFO] Requests Initialization finished
[INFO] Vehicles Initialization finished
[INFO] Heuristic method is enabled.
[INFO] Platform is ready. 
Cooling down...
[INFO] Running simulation with reward theta: 10.0
[INFO] Running simulation with reward type: REJ
[INFO] Running simulation with node layers: 2
[INFO] Running simulation with moving average window: 20
[INFO] Loading ManhattanData...
[INFO] Requests Initialization finished
[INFO] Vehicles Initialization finished
[INFO] Heuristic method is enabled.
[INFO] Platform is ready. 
Cooling down...
[INFO] Running simulation with reward theta: 30.0
[INFO] Running simulation with reward type: REJ
[INFO] Running simulation with node Cooling down...
[INFO] Running simulation with reward theta: 1.5
[INFO] Running simulation with reward type: REJ
[INFO] Running simulation with node layers: 2
[INFO] Running simulation with moving average window: 20
[INFO] Loading ManhattanData...
[INFO] Requests Initialization finished
[INFO] Vehicles Initialization finished
[INFO] Heuristic method is enabled.
[INFO] Platform is ready. 
Cooling down...
[INFO] Running simulation with reward theta: 3.0
[INFO] Running simulation with reward type: REJ
[INFO] Running simulation with node layers: 2
[INFO] Running simulation with moving average window: 20
[INFO] Loading ManhattanData...
[INFO] Requests Initialization finished
[INFO] Vehicles Initialization finished
[INFO] Heuristic method is enabled.
[INFO] Platform is ready. 
Cooling down...
[INFO] Running simulation with reward theta: 10.0
[INFO] Running simulation with reward type: REJ
[INFO] Running simulation with node layers: 2
[INFO] Running simulation with moving average window: 20
[INFO] Loading ManhattanData...
[INFO] Requests Initialization finished
[INFO] Vehicles Initialization finished
[INFO] Heuristic method is enabled.
[INFO] Platform is ready. 
Cooling down...
[INFO] Running simulation with reward theta: 30.0
[INFO] Running simulation with reward type: REJ
[INFO] Running simulation with node layers: 2
[INFO] Running simulation with moving average window: 20
[INFO] Loading ManhattanData...
[INFO] Requests Initialization finished
[INFO] Vehicles Initialization finished
[INFO] Heuristic method is enabled.
[INFO] Platform is ready. 
Cooling down...
Cooling down...
[INFO] Running simulation with reward theta: 1.5
[INFO] Running simulation with reward type: REJ
[INFO] Running simulation with node layers: 2
[INFO] Running simulation with moving average window: 20
[INFO] Loading ManhattanData...
[INFO] Requests Initialization finished
[INFO] Vehicles Initialization finished
[INFO] Heuristic method is enabled.
[INFO] Platform is ready. 
Cooling down...
[INFO] Running simulation with reward theta: 3.0
[INFO] Running simulation with reward type: REJ
[INFO] Running simulation with node layers: 2
[INFO] Running simulation with moving average window: 20
[INFO] Loading ManhattanData...
[INFO] Requests Initialization finished
[INFO] Vehicles Initialization finished
[INFO] Heuristic method is enabled.
[INFO] Platform is ready. 
Cooling down...
[INFO] Running simulation with reward theta: 5.0
[INFO] Running simulation with reward type: REJ
[INFO] Running simulation with node layers: 2
[INFO] Running simulation with moving average window: 20
[INFO] Loading ManhattanData...
[INFO] Requests Initialization finished
[INFO] Vehicles Initialization finished
[INFO] Heuristic method is enabled.
[INFO] Platform is ready. 
Cooling down...
[INFO] Running simulation with reward theta: 30.0
[INFO] Running simulation with reward type: REJ
[INFO] Running simulation with node layers: 2
[INFO] Running simulation with moving average window: 20
[INFO] Loading ManhattanData...
[INFO] Requests Initialization finished
[INFO] Vehicles Initialization finished
[INFO] Heuristic method is enabled.
[INFO] Platform is ready. 
Cooling down...
Cooling down...
[INFO] Running simulation with reward theta: 1.5
[INFO] Running simulation with reward type: REJ
[INFO] Running simulation with node layers: 2
[INFO] Running simulation with moving average window: 20
[INFO] Loading ManhattanData...
[INFO] Requests Initialization finished
[INFO] Vehicles Initialization finished
[INFO] Heuristic method is enabled.
[INFO] Platform is ready. 
Cooling down...
[INFO] Running simulation with reward theta: 3.0
[INFO] Running simulation with reward type: REJ
[INFO] Running simulation with node layers: 2
[INFO] Running simulation with moving average window: 20
[INFO] Loading ManhattanData...
[INFO] Requests Initialization finished
[INFO] Vehicles Initialization finished
[INFO] Heuristic method is enabled.
[INFO] Platform is ready. 
Cooling down...
[INFO] Running simulation with reward theta: 5.0
[INFO] Running simulation with reward type: REJ
[INFO] Running simulation with node laCooling down...
[INFO] Running simulation with reward theta: 1.0
[INFO] Running simulation with reward type: REJ
[INFO] Running simulation with node layers: 2
[INFO] Running simulation with moving average window: 20
[INFO] Loading ManhattanData...
[INFO] Requests Initialization finished
[INFO] Vehicles Initialization finished
[INFO] Heuristic method is enabled.
[INFO] Platform is ready. 
Cooling down...
[INFO] Running simulation with reward theta: 3.0
[INFO] Running simulation with reward type: REJ
[INFO] Running simulation with node layers: 2
[INFO] Running simulation with moving average window: 20
[INFO] Loading ManhattanData...
[INFO] Requests Initialization finished
[INFO] Vehicles Initialization finished
[INFO] Heuristic method is enabled.
[INFO] Platform is ready. 
Cooling down...
[INFO] Running simulation with reward theta: 5.0
[INFO] Running simulation with reward type: REJ
[INFO] Running simulation with node layers: 2
[INFO] Running simulation with moving average window: 20
[INFO] Loading ManhattanData...
[INFO] Requests Initialization finished
[INFO] Vehicles Initialization finished
[INFO] Heuristic method is enabled.
[INFO] Platform is ready. 
Cooling down...
[INFO] Running simulation with reward theta: 30.0
[INFO] Running simulation with reward type: REJ
[INFO] Running simulation with node layers: 2
[INFO] Running simulation with moving average window: 20
[INFO] Loading ManhattanData...
[INFO] Requests Initialization finished
[INFO] Vehicles Initialization finished
[INFO] Heuristic method is enabled.
[INFO] Platform is ready. 
Cooling down...
Cooling down...
[INFO] Running simulation with reward theta: 1.0
[INFO] Running simulation with reward type: REJ
[INFO] Running simulation with node layers: 2
[INFO] Running simulation with moving average window: 20
[INFO] Loading ManhattanData...
[INFO] Requests Initialization finished
[INFO] Vehicles Initialization finished
[INFO] Heuristic method is enabled.
[INFO] Platform is ready. 
Cooling down...
[INFO] Running simulation with reward theta: 3.0
[INFO] Running simulation with reward type: REJ
[INFO] Running simulation with node layers: 2
[INFO] Running simulation with moving average window: 20
[INFO] Loading ManhattanData...
[INFO] Requests Initialization finished
[INFO] Vehicles Initialization finished
[INFO] Heuristic method is enabled.
[INFO] Platform is ready. 
Cooling down...
[INFO] Running simulation with reward theta: 5.0
[INFO] Running simulation with reward type: REJ
[INFO] Running simulation with node layers: 2
[INFO] Running simulation with moving average window: 20
[INFO] Loading ManhattanData...
[INFO] Requests Initialization finished
[INFO] Vehicles Initialization finished
[INFO] Heuristic method is enabled.
[INFO] Platform is ready. 
Cooling down...
[INFO] Running simulation with reward theta: 20.0
[INFO] Running simulation with reward type: REJ
[INFO] Running simulation with node layers: 2
[INFO] Running simulation with moving average window: 20
[INFO] Loading ManhattanData...
[INFO] Requests Initialization finished
[INFO] Vehicles Initialization finished
[INFO] Heuristic method is enabled.
[INFO] Platform is ready. 
Cooling down...
Cooling down...
[INFO] Running simulation with reward theta: 1.0
[INFO] Running simulation with reward type: REJ
[INFO] Running simulation with node layers: 2
[INFO] Running simulation with moving average window: 20
[INFO] Loading ManhattanData...
[INFO] Requests Initialization finished
[INFO] Vehicles Initialization finished
[INFO] Heuristic method is enabled.
[INFO] Platform is ready. 
Cooling down...
[INFO] Running simulation with reward theta: 2.0
[INFO] Running simulation with reward type: REJ
[INFO] Running simulation with node layers: 2
[INFO] Running simulation with moving average window: 20
[INFO] Loading ManhattanData...
[INFO] Requests Initialization finished
[INFO] Vehicles Initialization finished
[INFO] Heuristic method is enabled.
[INFO] Platform is ready. 
Cooling down...
[INFO] Running simulation with reward theta: 5.0
[INFO] Running simulation with reward type: REJ
[INFO] Running simulation with node layCooling down...
[INFO] Running simulation with reward theta: 1.0
[INFO] Running simulation with reward type: REJ
[INFO] Running simulation with node layers: 2
[INFO] Running simulation with moving average window: 20
[INFO] Loading ManhattanData...
[INFO] Requests Initialization finished
[INFO] Vehicles Initialization finished
[INFO] Heuristic method is enabled.
[INFO] Platform is ready. 
Cooling down...
[INFO] Running simulation with reward theta: 2.0
[INFO] Running simulation with reward type: REJ
[INFO] Running simulation with node layers: 2
[INFO] Running simulation with moving average window: 20
[INFO] Loading ManhattanData...
[INFO] Requests Initialization finished
[INFO] Vehicles Initialization finished
[INFO] Heuristic method is enabled.
[INFO] Platform is ready. 
Cooling down...
[INFO] Running simulation with reward theta: 5.0
[INFO] Running simulation with reward type: REJ
[INFO] Running simulation with node layers: 2
[INFO] Running simulation with moving average window: 20
[INFO] Loading ManhattanData...
[INFO] Requests Initialization finished
[INFO] Vehicles Initialization finished
[INFO] Heuristic method is enabled.
[INFO] Platform is ready. 
Cooling down...
[INFO] Running simulation with reward theta: 20.0
[INFO] Running simulation with reward type: REJ
[INFO] Running simulation with node layers: 2
[INFO] Running simulation with moving average window: 20
[INFO] Loading ManhattanData...
[INFO] Requests Initialization finished
[INFO] Vehicles Initialization finished
[INFO] Heuristic method is enabled.
[INFO] Platform is ready. 
Cooling down...
Cooling down...
[INFO] Running simulation with reward theta: 1.5
[INFO] Running simulation with reward type: REJ
[INFO] Running simulation with node layers: 2
[INFO] Running simulation with moving average window: 20
[INFO] Loading ManhattanData...
[INFO] Requests Initialization finished
[INFO] Vehicles Initialization finished
[INFO] Heuristic method is enabled.
[INFO] Platform is ready. 
Cooling down...
[INFO] Running simulation with reward theta: 4.0
[INFO] Running simulation with reward type: REJ
[INFO] Running simulation with node layers: 2
[INFO] Running simulation with moving average window: 20
[INFO] Loading ManhattanData...
[INFO] Requests Initialization finished
[INFO] Vehicles Initialization finished
[INFO] Heuristic method is enabled.
[INFO] Platform is ready. 
Cooling down...
[INFO] Running simulation with reward theta: 10.0
[INFO] Running simulation with reward type: REJ
[INFO] Running simulation with node layers: 2
[INFO] Running simulation with moving average window: 20
[INFO] Loading ManhattanData...
[INFO] Requests Initialization finished
[INFO] Vehicles Initialization finished
[INFO] Heuristic method is enabled.
[INFO] Platform is ready. 
Cooling down...
[INFO] Running simulation with reward theta: 30.0
[INFO] Running simulation with reward type: REJ
[INFO] Running simulation with node layers: 2
[INFO] Running simulation with moving average window: 20
[INFO] Loading ManhattanData...
[INFO] Requests Initialization finished
[INFO] Vehicles Initialization finished
[INFO] Heuristic method is enabled.
[INFO] Platform is ready. 
Cooling down...
Cooling down...
[INFO] Running simulation with reward theta: 1.0
[INFO] Running simulation with reward type: REJ
[INFO] Running simulation with node layers: 2
[INFO] Running simulation with moving average window: 20
[INFO] Loading ManhattanData...
[INFO] Requests Initialization finished
[INFO] Vehicles Initialization finished
[INFO] Heuristic method is enabled.
[INFO] Platform is ready. 
Cooling down...
[INFO] Running simulation with reward theta: 3.0
[INFO] Running simulation with reward type: REJ
[INFO] Running simulation with node layers: 2
[INFO] Running simulation with moving average window: 20
[INFO] Loading ManhattanData...
[INFO] Requests Initialization finished
[INFO] Vehicles Initialization finished
[INFO] Heuristic method is enabled.
[INFO] Platform is ready. 
Cooling down...
[INFO] Running simulation with reward theta: 5.0
[INFO] Running simulation with reward type: REJ
[INFO] Running simulation with node laCooling down...
[INFO] Running simulation with reward theta: 1.0
[INFO] Running simulation with reward type: REJ
[INFO] Running simulation with node layers: 2
[INFO] Running simulation with moving average window: 20
[INFO] Loading ManhattanData...
[INFO] Requests Initialization finished
[INFO] Vehicles Initialization finished
[INFO] Heuristic method is enabled.
[INFO] Platform is ready. 
Cooling down...
[INFO] Running simulation with reward theta: 3.0
[INFO] Running simulation with reward type: REJ
[INFO] Running simulation with node layers: 2
[INFO] Running simulation with moving average window: 20
[INFO] Loading ManhattanData...
[INFO] Requests Initialization finished
[INFO] Vehicles Initialization finished
[INFO] Heuristic method is enabled.
[INFO] Platform is ready. 
Cooling down...
[INFO] Running simulation with reward theta: 5.0
[INFO] Running simulation with reward type: REJ
[INFO] Running simulation with node layers: 2
[INFO] Running simulation with moving average window: 20
[INFO] Loading ManhattanData...
[INFO] Requests Initialization finished
[INFO] Vehicles Initialization finished
[INFO] Heuristic method is enabled.
[INFO] Platform is ready. 
Cooling down...
[INFO] Running simulation with reward theta: 30.0
[INFO] Running simulation with reward type: REJ
[INFO] Running simulation with node layers: 2
[INFO] Running simulation with moving average window: 20
[INFO] Loading ManhattanData...
[INFO] Requests Initialization finished
[INFO] Vehicles Initialization finished
[INFO] Heuristic method is enabled.
[INFO] Platform is ready. 
Cooling down...
Cooling down...
[INFO] Running simulation with reward theta: 1.5
[INFO] Running simulation with reward type: REJ
[INFO] Running simulation with node layers: 2
[INFO] Running simulation with moving average window: 20
[INFO] Loading ManhattanData...
[INFO] Requests Initialization finished
[INFO] Vehicles Initialization finished
[INFO] Heuristic method is enabled.
[INFO] Platform is ready. 
Cooling down...
[INFO] Running simulation with reward theta: 3.0
[INFO] Running simulation with reward type: REJ
[INFO] Running simulation with node layers: 2
[INFO] Running simulation with moving average window: 20
[INFO] Loading ManhattanData...
[INFO] Requests Initialization finished
[INFO] Vehicles Initialization finished
[INFO] Heuristic method is enabled.
[INFO] Platform is ready. 
Cooling down...
[INFO] Running simulation with reward theta: 10.0
[INFO] Running simulation with reward type: REJ
[INFO] Running simulation with node layers: 2
[INFO] Running simulation with moving average window: 20
[INFO] Loading ManhattanData...
[INFO] Requests Initialization finished
[INFO] Vehicles Initialization finished
[INFO] Heuristic method is enabled.
[INFO] Platform is ready. 
Cooling down...
[INFO] Running simulation with reward theta: 30.0
[INFO] Running simulation with reward type: REJ
[INFO] Running simulation with node layers: 2
[INFO] Running simulation with moving average window: 20
[INFO] Loading ManhattanData...
[INFO] Requests Initialization finished
[INFO] Vehicles Initialization finished
[INFO] Heuristic method is enabled.
[INFO] Platform is ready. 
Cooling down...
Cooling down...
[INFO] Running simulation with reward theta: 1.5
[INFO] Running simulation with reward type: REJ
[INFO] Running simulation with node layers: 2
[INFO] Running simulation with moving average window: 20
[INFO] Loading ManhattanData...
[INFO] Requests Initialization finished
[INFO] Vehicles Initialization finished
[INFO] Heuristic method is enabled.
[INFO] Platform is ready. 
Cooling down...
[INFO] Running simulation with reward theta: 4.0
[INFO] Running simulation with reward type: REJ
[INFO] Running simulation with node layers: 2
[INFO] Running simulation with moving average window: 20
[INFO] Loading ManhattanData...
[INFO] Requests Initialization finished
[INFO] Vehicles Initialization finished
[INFO] Heuristic method is enabled.
[INFO] Platform is ready. 
Cooling down...
[INFO] Running simulation with reward theta: 10.0
[INFO] Running simulation with reward type: REJ
[INFO] Running simulation with node l